<?xml version="1.0" encoding="UTF-8"?>
<!-- Generated by org.testng.reporters.JUnitXMLReporter -->
<testsuite hostname="User-PC" ignored="1" name="1. To verify user is able to generate regular invoice." tests="1" failures="0" timestamp="10 Oct 2018 06:25:40 GMT" time="190.589" errors="0">
  <testcase name="generateRegularInvoice" time="174.239" classname="com.globus.invoiceGeneration.index.InvoiceGenerationIndex"/>
  <testcase name="voidGeneratedInvoice" time="0.0" classname="com.globus.invoiceGeneration.index.InvoiceGenerationIndex">
    <ignored/>
  </testcase> <!-- voidGeneratedInvoice -->
</testsuite> <!-- 1. To verify user is able to generate regular invoice. -->
