<?xml version="1.0" encoding="UTF-8"?>
<!-- Generated by org.testng.reporters.JUnitXMLReporter -->
<testsuite hostname="User-PC" ignored="1" name="2. To verify user is able to void generated invoice." tests="1" failures="0" timestamp="10 Oct 2018 06:27:25 GMT" time="104.808" errors="0">
  <testcase name="voidGeneratedInvoice" time="89.399" classname="com.globus.invoiceGeneration.index.InvoiceGenerationIndex"/>
  <testcase name="generateRegularInvoice" time="0.0" classname="com.globus.invoiceGeneration.index.InvoiceGenerationIndex">
    <ignored/>
  </testcase> <!-- generateRegularInvoice -->
</testsuite> <!-- 2. To verify user is able to void generated invoice. -->
