<?xml version="1.0" encoding="UTF-8"?>
<testng-results skipped="0" failed="0" ignored="2" total="4" passed="2">
  <reporter-output>
    <line>
      <![CDATA[<br></br>Step 1: Sign in with valid credentials.]]>
    </line>
    <line>
      <![CDATA[<br></br>Step 2: Select A/R module.]]>
    </line>
    <line>
      <![CDATA[<br></br>Step 3: Click on Home link.]]>
    </line>
    <line>
      <![CDATA[<br></br>Step 4: Select first customer PO.]]>
    </line>
    <line>
      <![CDATA[<br></br>Step 5: Click on first customer PO - 2869093-0-MAT]]>
    </line>
    <line>
      <![CDATA[<br></br>Step 6: Select 'Generate Invoice' from Choose Action dropdown.]]>
    </line>
    <line>
      <![CDATA[<br></br>Step 7: Click 'Submit' button.]]>
    </line>
    <line>
      <![CDATA[<br></br>Step 8: Invoice Generated.]]>
    </line>
    <line>
      <![CDATA[<br></br>Step 9: Invoice Number :  661146]]>
    </line>
    <line>
      <![CDATA[<br></br>Step 10: Select A/R module.]]>
    </line>
    <line>
      <![CDATA[<br></br>Step 11: Click on Home link.]]>
    </line>
    <line>
      <![CDATA[<br></br>Step 12: Verify customer PO is not available.]]>
    </line>
    <line>
      <![CDATA[<br></br>Step 13: custPO: 2869093-0-MAT is not available into list.]]>
    </line>
    <line>
      <![CDATA[<br></br>Step 14: <Strong><font color=#008000>Pass</font></strong>]]>
    </line>
    <line>
      <![CDATA[<br></br>Step 1: Sign in with valid credentials.]]>
    </line>
    <line>
      <![CDATA[<br></br>Step 2: Select A/R module.]]>
    </line>
    <line>
      <![CDATA[<br></br>Step 3: Click on Modify Invoice link.]]>
    </line>
    <line>
      <![CDATA[<br></br>Step 4: .//input[@id='661146']]]>
    </line>
    <line>
      <![CDATA[<br></br>Step 5: Select 'Void Invoice' from Choose Action dropdown.]]>
    </line>
    <line>
      <![CDATA[<br></br>Step 6: Verify customer PO is not available.]]>
    </line>
    <line>
      <![CDATA[<br></br>Step 7: custPO: 2869093-0-MAT is not available into list.]]>
    </line>
    <line>
      <![CDATA[<br></br>Step 8: <Strong><font color=#008000>Pass</font></strong>]]>
    </line>
  </reporter-output>
  <suite name="invoice" duration-ms="295470" started-at="2018-10-10T06:22:29Z" finished-at="2018-10-10T06:27:25Z">
    <groups>
    </groups>
    <test name="1. To verify user is able to generate regular invoice." duration-ms="190589" started-at="2018-10-10T06:22:29Z" finished-at="2018-10-10T06:25:40Z">
      <class name="com.globus.invoiceGeneration.index.InvoiceGenerationIndex">
        <test-method status="PASS" signature="fetchSuiteConfiguration(org.testng.ITestContext)[pri:0, instance:com.globus.invoiceGeneration.index.InvoiceGenerationIndex@59906517]" name="fetchSuiteConfiguration" is-config="true" duration-ms="23" started-at="2018-10-10T06:22:29Z" finished-at="2018-10-10T06:22:29Z">
          <params>
            <param index="0">
              <value>
                <![CDATA[org.testng.TestRunner@522a32b1]]>
              </value>
            </param>
          </params>
          <reporter-output>
          </reporter-output>
        </test-method> <!-- fetchSuiteConfiguration -->
        <test-method status="PASS" signature="setUp(java.lang.reflect.Method, org.testng.ITestContext)[pri:0, instance:com.globus.invoiceGeneration.index.InvoiceGenerationIndex@59906517]" name="setUp" is-config="true" duration-ms="5627" started-at="2018-10-10T06:22:30Z" finished-at="2018-10-10T06:22:35Z">
          <params>
            <param index="0">
              <value>
                <![CDATA[public void com.globus.invoiceGeneration.index.InvoiceGenerationIndex.generateRegularInvoice(java.lang.String,java.lang.String,java.lang.String,java.lang.String)]]>
              </value>
            </param>
            <param index="1">
              <value>
                <![CDATA[org.testng.TestRunner@522a32b1]]>
              </value>
            </param>
          </params>
          <reporter-output>
          </reporter-output>
        </test-method> <!-- setUp -->
        <test-method status="PASS" signature="generateRegularInvoice(java.lang.String, java.lang.String, java.lang.String, java.lang.String)[pri:0, instance:com.globus.invoiceGeneration.index.InvoiceGenerationIndex@59906517]" name="generateRegularInvoice" duration-ms="174239" started-at="2018-10-10T06:22:35Z" finished-at="2018-10-10T06:25:29Z">
          <params>
            <param index="0">
              <value>
                <![CDATA[dhimmelberger]]>
              </value>
            </param>
            <param index="1">
              <value>
                <![CDATA[Globus!234]]>
              </value>
            </param>
            <param index="2">
              <value>
                <![CDATA[A/R]]>
              </value>
            </param>
            <param index="3">
              <value>
                <![CDATA[Home]]>
              </value>
            </param>
          </params>
          <reporter-output>
            <line>
              <![CDATA[<br></br>Step 1: Sign in with valid credentials.]]>
            </line>
            <line>
              <![CDATA[<br></br>Step 2: Select A/R module.]]>
            </line>
            <line>
              <![CDATA[<br></br>Step 3: Click on Home link.]]>
            </line>
            <line>
              <![CDATA[<br></br>Step 4: Select first customer PO.]]>
            </line>
            <line>
              <![CDATA[<br></br>Step 5: Click on first customer PO - 2869093-0-MAT]]>
            </line>
            <line>
              <![CDATA[<br></br>Step 6: Select 'Generate Invoice' from Choose Action dropdown.]]>
            </line>
            <line>
              <![CDATA[<br></br>Step 7: Click 'Submit' button.]]>
            </line>
            <line>
              <![CDATA[<br></br>Step 8: Invoice Generated.]]>
            </line>
            <line>
              <![CDATA[<br></br>Step 9: Invoice Number :  661146]]>
            </line>
            <line>
              <![CDATA[<br></br>Step 10: Select A/R module.]]>
            </line>
            <line>
              <![CDATA[<br></br>Step 11: Click on Home link.]]>
            </line>
            <line>
              <![CDATA[<br></br>Step 12: Verify customer PO is not available.]]>
            </line>
            <line>
              <![CDATA[<br></br>Step 13: custPO: 2869093-0-MAT is not available into list.]]>
            </line>
            <line>
              <![CDATA[<br></br>Step 14: <Strong><font color=#008000>Pass</font></strong>]]>
            </line>
          </reporter-output>
        </test-method> <!-- generateRegularInvoice -->
        <test-method status="PASS" signature="tearDown(org.testng.ITestResult)[pri:0, instance:com.globus.invoiceGeneration.index.InvoiceGenerationIndex@59906517]" name="tearDown" is-config="true" duration-ms="10674" started-at="2018-10-10T06:25:29Z" finished-at="2018-10-10T06:25:40Z">
          <params>
            <param index="0">
              <value>
                <![CDATA[[TestResult name=generateRegularInvoice status=SUCCESS method=InvoiceGenerationIndex.generateRegularInvoice(java.lang.String, java.lang.String, java.lang.String, java.lang.String)[pri:0, instance:com.globus.invoiceGeneration.index.InvoiceGenerationIndex@59906517] output=<br></br>Step 1: Sign in with valid credentials.]]]>
              </value>
            </param>
          </params>
          <reporter-output>
          </reporter-output>
        </test-method> <!-- tearDown -->
      </class> <!-- com.globus.invoiceGeneration.index.InvoiceGenerationIndex -->
    </test> <!-- 1. To verify user is able to generate regular invoice. -->
    <test name="2. To verify user is able to void generated invoice." duration-ms="104808" started-at="2018-10-10T06:25:40Z" finished-at="2018-10-10T06:27:25Z">
      <class name="com.globus.invoiceGeneration.index.InvoiceGenerationIndex">
        <test-method status="PASS" signature="fetchSuiteConfiguration(org.testng.ITestContext)[pri:0, instance:com.globus.invoiceGeneration.index.InvoiceGenerationIndex@757942a1]" name="fetchSuiteConfiguration" is-config="true" duration-ms="2" started-at="2018-10-10T06:25:40Z" finished-at="2018-10-10T06:25:40Z">
          <params>
            <param index="0">
              <value>
                <![CDATA[org.testng.TestRunner@5bd1ceca]]>
              </value>
            </param>
          </params>
          <reporter-output>
          </reporter-output>
        </test-method> <!-- fetchSuiteConfiguration -->
        <test-method status="PASS" signature="setUp(java.lang.reflect.Method, org.testng.ITestContext)[pri:0, instance:com.globus.invoiceGeneration.index.InvoiceGenerationIndex@757942a1]" name="setUp" is-config="true" duration-ms="4727" started-at="2018-10-10T06:25:40Z" finished-at="2018-10-10T06:25:45Z">
          <params>
            <param index="0">
              <value>
                <![CDATA[public void com.globus.invoiceGeneration.index.InvoiceGenerationIndex.voidGeneratedInvoice(java.lang.String,java.lang.String,java.lang.String,java.lang.String) throws java.lang.InterruptedException]]>
              </value>
            </param>
            <param index="1">
              <value>
                <![CDATA[org.testng.TestRunner@5bd1ceca]]>
              </value>
            </param>
          </params>
          <reporter-output>
          </reporter-output>
        </test-method> <!-- setUp -->
        <test-method status="PASS" signature="voidGeneratedInvoice(java.lang.String, java.lang.String, java.lang.String, java.lang.String)[pri:0, instance:com.globus.invoiceGeneration.index.InvoiceGenerationIndex@757942a1]" name="voidGeneratedInvoice" duration-ms="89399" started-at="2018-10-10T06:25:45Z" finished-at="2018-10-10T06:27:14Z">
          <params>
            <param index="0">
              <value>
                <![CDATA[dhimmelberger]]>
              </value>
            </param>
            <param index="1">
              <value>
                <![CDATA[Globus!234]]>
              </value>
            </param>
            <param index="2">
              <value>
                <![CDATA[A/R]]>
              </value>
            </param>
            <param index="3">
              <value>
                <![CDATA[Modify Invoice]]>
              </value>
            </param>
          </params>
          <reporter-output>
            <line>
              <![CDATA[<br></br>Step 1: Sign in with valid credentials.]]>
            </line>
            <line>
              <![CDATA[<br></br>Step 2: Select A/R module.]]>
            </line>
            <line>
              <![CDATA[<br></br>Step 3: Click on Modify Invoice link.]]>
            </line>
            <line>
              <![CDATA[<br></br>Step 4: .//input[@id='661146']]]>
            </line>
            <line>
              <![CDATA[<br></br>Step 5: Select 'Void Invoice' from Choose Action dropdown.]]>
            </line>
            <line>
              <![CDATA[<br></br>Step 6: Verify customer PO is not available.]]>
            </line>
            <line>
              <![CDATA[<br></br>Step 7: custPO: 2869093-0-MAT is not available into list.]]>
            </line>
            <line>
              <![CDATA[<br></br>Step 8: <Strong><font color=#008000>Pass</font></strong>]]>
            </line>
          </reporter-output>
        </test-method> <!-- voidGeneratedInvoice -->
        <test-method status="PASS" signature="tearDown(org.testng.ITestResult)[pri:0, instance:com.globus.invoiceGeneration.index.InvoiceGenerationIndex@757942a1]" name="tearDown" is-config="true" duration-ms="10674" started-at="2018-10-10T06:27:14Z" finished-at="2018-10-10T06:27:25Z">
          <params>
            <param index="0">
              <value>
                <![CDATA[[TestResult name=voidGeneratedInvoice status=SUCCESS method=InvoiceGenerationIndex.voidGeneratedInvoice(java.lang.String, java.lang.String, java.lang.String, java.lang.String)[pri:0, instance:com.globus.invoiceGeneration.index.InvoiceGenerationIndex@757942a1] output=<br></br>Step 1: Sign in with valid credentials.]]]>
              </value>
            </param>
          </params>
          <reporter-output>
          </reporter-output>
        </test-method> <!-- tearDown -->
      </class> <!-- com.globus.invoiceGeneration.index.InvoiceGenerationIndex -->
    </test> <!-- 2. To verify user is able to void generated invoice. -->
  </suite> <!-- invoice -->
</testng-results>
